Nov 06 16:30:59.062 ERRO Your version of Rust, '1.27', is not supported. Please install Rust version 1.30.0 or higher.
Nov 06 16:39:58.890 ERRO Your version of Rust, '1.27', is not supported. Please install Rust version 1.30.0 or higher.
Nov 06 17:25:19.253 ERRO Compiling your crate to WebAssembly
Nov 06 17:27:47.947 ERRO Compiling your crate to WebAssembly
Nov 06 17:32:36.778 ERRO Compiling your crate to WebAssembly
Nov 06 17:35:33.499 ERRO Compiling your crate to WebAssembly
Nov 06 17:35:51.752 ERRO Compiling your crate to WebAssembly
Nov 06 17:36:17.253 ERRO Compiling your crate to WebAssembly
Nov 06 17:37:00.162 ERRO Compiling your crate to WebAssembly
Nov 07 15:20:07.635 ERRO Compiling your crate to WebAssembly
Nov 07 15:25:31.091 ERRO Compiling your crate to WebAssembly
Nov 07 15:25:41.636 ERRO Compiling your crate to WebAssembly
Nov 07 15:27:40.715 ERRO Compiling your crate to WebAssembly
Nov 07 15:28:33.129 ERRO Compiling your crate to WebAssembly
Nov 07 17:41:45.126 ERRO Compiling your crate to WebAssembly
Nov 07 17:44:43.007 ERRO Compiling your crate to WebAssembly
Nov 07 17:45:13.396 ERRO Compiling your crate to WebAssembly
Nov 07 17:46:45.873 ERRO Compiling your crate to WebAssembly
Nov 07 17:47:51.440 ERRO Compiling your crate to WebAssembly
Nov 07 17:53:39.035 ERRO Compiling your crate to WebAssembly
Nov 07 17:53:50.880 ERRO Compiling your crate to WebAssembly
Nov 07 17:57:03.470 ERRO Compiling your crate to WebAssembly
Nov 08 09:42:46.499 ERRO Compiling your crate to WebAssembly
Nov 08 09:48:26.154 ERRO Compiling your crate to WebAssembly
Nov 08 09:56:46.086 ERRO Compiling your crate to WebAssembly
Nov 08 11:33:34.604 ERRO Compiling your crate to WebAssembly
Nov 08 11:33:52.407 ERRO Compiling your crate to WebAssembly
Nov 08 11:34:35.743 ERRO Compiling your crate to WebAssembly
Nov 08 11:35:04.034 ERRO Compiling your crate to WebAssembly
Nov 08 11:37:19.764 ERRO Compiling your crate to WebAssembly
Nov 08 11:39:31.967 ERRO Compiling your crate to WebAssembly
Nov 08 11:43:05.135 ERRO Compiling your crate to WebAssembly
Nov 08 11:45:38.492 ERRO Compiling your crate to WebAssembly
Nov 08 11:45:52.514 ERRO Compiling your crate to WebAssembly
Nov 08 11:50:37.621 ERRO Compiling your crate to WebAssembly
Nov 08 11:52:09.507 ERRO Compiling your crate to WebAssembly
Nov 08 11:54:50.946 ERRO Compiling your crate to WebAssembly
Nov 08 11:55:33.063 ERRO Compiling your crate to WebAssembly
Nov 08 11:56:53.178 ERRO Compiling your crate to WebAssembly
Nov 08 11:57:03.264 ERRO Compiling your crate to WebAssembly
Nov 08 11:57:44.412 ERRO Compiling your crate to WebAssembly
Nov 08 11:59:24.701 ERRO Compiling your crate to WebAssembly
Nov 08 12:03:29.001 ERRO Compiling your crate to WebAssembly
Nov 08 12:04:27.902 ERRO Compiling your crate to WebAssembly
Nov 08 12:05:24.446 ERRO Compiling your crate to WebAssembly
Nov 08 12:06:13.724 ERRO Compiling your crate to WebAssembly
Nov 08 12:06:29.557 ERRO Compiling your crate to WebAssembly
Nov 08 12:07:50.385 ERRO Compiling your crate to WebAssembly
Nov 08 12:08:03.712 ERRO Compiling your crate to WebAssembly
Nov 08 12:09:08.670 ERRO Compiling your crate to WebAssembly
Nov 08 12:09:36.614 ERRO Compiling your crate to WebAssembly
Nov 08 12:09:55.400 ERRO Compiling your crate to WebAssembly
Nov 08 12:12:23.796 ERRO Compiling your crate to WebAssembly
Nov 08 12:14:03.183 ERRO Compiling your crate to WebAssembly
Nov 08 12:14:26.158 ERRO Compiling your crate to WebAssembly
Nov 08 12:15:48.995 ERRO Compiling your crate to WebAssembly
Nov 08 12:16:34.442 ERRO Compiling your crate to WebAssembly
Nov 08 12:17:21.640 ERRO Compiling your crate to WebAssembly
Nov 08 12:18:07.264 ERRO Compiling your crate to WebAssembly
Nov 08 12:18:37.211 ERRO Compiling your crate to WebAssembly
Nov 08 12:19:10.626 ERRO Compiling your crate to WebAssembly
Nov 08 12:20:59.488 ERRO Compiling your crate to WebAssembly
Nov 08 12:21:54.087 ERRO Compiling your crate to WebAssembly
Nov 08 12:22:52.765 ERRO Compiling your crate to WebAssembly
Nov 08 12:31:21.109 ERRO Compiling your crate to WebAssembly
Nov 08 14:43:10.218 ERRO Compiling your crate to WebAssembly
Nov 08 14:44:57.251 ERRO Compiling your crate to WebAssembly
Nov 08 14:45:09.441 ERRO Compiling your crate to WebAssembly
Nov 08 14:46:24.867 ERRO Compiling your crate to WebAssembly
Nov 08 14:47:03.907 ERRO Compiling your crate to WebAssembly
Nov 08 14:57:45.452 ERRO Compiling your crate to WebAssembly
Nov 08 15:31:53.011 ERRO Compiling your crate to WebAssembly
Nov 08 15:32:14.743 ERRO Compiling your crate to WebAssembly
Nov 08 15:34:53.316 ERRO Compiling your crate to WebAssembly
Nov 08 15:37:13.371 ERRO Compiling your crate to WebAssembly
Nov 08 15:39:16.046 ERRO Compiling your crate to WebAssembly
Nov 08 15:48:00.133 ERRO Compiling your crate to WebAssembly
Nov 08 15:48:21.682 ERRO Compiling your crate to WebAssembly
Nov 09 10:59:38.002 ERRO Compiling your crate to WebAssembly
Nov 09 11:00:10.698 ERRO Compiling your crate to WebAssembly
Aug 28 11:03:08.057 ERRO Must specify at least one of `--node`, `--chrome`, `--firefox`, or `--safari`
Aug 28 11:04:12.979 ERRO Running Wasm tests with wasm-bindgen-test failed
Aug 28 12:32:49.831 ERRO Compiling your crate to WebAssembly
Aug 28 12:38:03.978 ERRO Compiling your crate to WebAssembly
